0 info it worked if it ends with ok
1 verbose cli [ 'node', '/usr/local/bin/npm', 'install', '--save', 'comander' ]
2 info using npm@1.4.28
3 info using node@v0.10.32
4 verbose readDependencies using package.json deps
5 verbose cache add [ 'comander', null ]
6 verbose cache add name=undefined spec="comander" args=["comander",null]
7 verbose parsed url { protocol: null,
7 verbose parsed url   slashes: null,
7 verbose parsed url   auth: null,
7 verbose parsed url   host: null,
7 verbose parsed url   port: null,
7 verbose parsed url   hostname: null,
7 verbose parsed url   hash: null,
7 verbose parsed url   search: null,
7 verbose parsed url   query: null,
7 verbose parsed url   pathname: 'comander',
7 verbose parsed url   path: 'comander',
7 verbose parsed url   href: 'comander' }
8 silly lockFile 4fe69156-comander comander
9 verbose lock comander /Users/mileshochstein/.npm/4fe69156-comander.lock
10 silly lockFile 4fe69156-comander comander
11 silly lockFile 4fe69156-comander comander
12 verbose addNamed [ 'comander', '' ]
13 verbose addNamed [ null, '*' ]
14 silly lockFile c495f041-comander comander@
15 verbose lock comander@ /Users/mileshochstein/.npm/c495f041-comander.lock
16 silly addNameRange { name: 'comander', range: '*', hasData: false }
17 verbose request where is /comander
18 verbose request registry https://registry.npmjs.org/
19 verbose request id 48c0dd9f1c0ddc88
20 verbose url raw /comander
21 verbose url resolving [ 'https://registry.npmjs.org/', './comander' ]
22 verbose url resolved https://registry.npmjs.org/comander
23 verbose request where is https://registry.npmjs.org/comander
24 info trying registry request attempt 1 at 15:53:16
25 http GET https://registry.npmjs.org/comander
26 http 404 https://registry.npmjs.org/comander
27 verbose headers { date: 'Thu, 08 Jan 2015 23:53:17 GMT',
27 verbose headers   server: 'CouchDB/1.5.0 (Erlang OTP/R14B04)',
27 verbose headers   'content-type': 'application/json',
27 verbose headers   'cache-control': 'max-age=0',
27 verbose headers   'content-length': '52',
27 verbose headers   'accept-ranges': 'bytes',
27 verbose headers   via: '1.1 varnish',
27 verbose headers   age: '0',
27 verbose headers   'x-served-by': 'cache-lax1432-LAX',
27 verbose headers   'x-cache': 'MISS',
27 verbose headers   'x-cache-hits': '0',
27 verbose headers   'x-timer': 'S1420761197.511662,VS0,VE319',
27 verbose headers   'keep-alive': 'timeout=10, max=50',
27 verbose headers   connection: 'Keep-Alive' }
28 silly registry.get cb [ 404,
28 silly registry.get   { date: 'Thu, 08 Jan 2015 23:53:17 GMT',
28 silly registry.get     server: 'CouchDB/1.5.0 (Erlang OTP/R14B04)',
28 silly registry.get     'content-type': 'application/json',
28 silly registry.get     'cache-control': 'max-age=0',
28 silly registry.get     'content-length': '52',
28 silly registry.get     'accept-ranges': 'bytes',
28 silly registry.get     via: '1.1 varnish',
28 silly registry.get     age: '0',
28 silly registry.get     'x-served-by': 'cache-lax1432-LAX',
28 silly registry.get     'x-cache': 'MISS',
28 silly registry.get     'x-cache-hits': '0',
28 silly registry.get     'x-timer': 'S1420761197.511662,VS0,VE319',
28 silly registry.get     'keep-alive': 'timeout=10, max=50',
28 silly registry.get     connection: 'Keep-Alive' } ]
29 silly lockFile c495f041-comander comander@
30 silly lockFile c495f041-comander comander@
31 error 404 404 Not Found: comander
31 error 404
31 error 404 'comander' is not in the npm registry.
31 error 404 You should bug the author to publish it
31 error 404 It was specified as a dependency of 'mycalc'
31 error 404
31 error 404 Note that you can also install from a
31 error 404 tarball, folder, or http url, or git url.
32 error System Darwin 14.0.0
33 error command "node" "/usr/local/bin/npm" "install" "--save" "comander"
34 error cwd /Users/mileshochstein/Documents/Projects/pcs3calc/calculator
35 error node -v v0.10.32
36 error npm -v 1.4.28
37 error code E404
38 verbose exit [ 1, true ]
